2016-01-19 15:14:32 [scrapy] INFO: Scrapy 1.0.4 started (bot: hello)
2016-01-19 15:14:32 [scrapy] INFO: Optional features available: ssl, http11
2016-01-19 15:14:32 [scrapy] INFO: Overridden settings: {'NEWSPIDER_MODULE': 'hello.spiders', 'FEED_URI': 'file:///home/jarett/hello/hello/items/hello/hello/634774ecbf0211e5b904000c2900f886.jl', 'CONCURRENT_REQUESTS': 1, 'SPIDER_MODULES': ['hello.spiders'], 'BOT_NAME': 'hello', 'USER_AGENT': 'Mozilla/5.0 (iPad; U; CPU OS 3_2_1 like Mac OS X; en-us) AppleWebKit/531.21.10 (KHTML, like Gecko) Mobile/7B405', 'LOG_FILE': 'logs/hello/hello/634774ecbf0211e5b904000c2900f886.log', 'DOWNLOAD_DELAY': 0.75}
2016-01-19 15:14:33 [scrapy] INFO: Enabled extensions: CloseSpider, FeedExporter, TelnetConsole, LogStats, CoreStats, SpiderState
2016-01-19 15:14:33 [scrapy] INFO: Enabled downloader middlewares: HttpAuthMiddleware, DownloadTimeoutMiddleware, UserAgentMiddleware, RetryMiddleware, DefaultHeadersMiddleware, MetaRefreshMiddleware, HttpCompressionMiddleware, RedirectMiddleware, CookiesMiddleware, ChunkedTransferMiddleware, DownloaderStats
2016-01-19 15:14:33 [scrapy] INFO: Enabled spider middlewares: HttpErrorMiddleware, OffsiteMiddleware, RefererMiddleware, UrlLengthMiddleware, DepthMiddleware
2016-01-19 15:14:33 [scrapy] INFO: Enabled item pipelines: 
2016-01-19 15:14:33 [scrapy] INFO: Spider opened
2016-01-19 15:14:33 [scrapy] INFO: Crawled 0 pages (at 0 pages/min), scraped 0 items (at 0 items/min)
2016-01-19 15:14:33 [scrapy] DEBUG: Telnet console listening on 127.0.0.1:6032
2016-01-19 15:14:33 [scrapy] DEBUG: Crawled (200) <GET https://www.bing.com/search?q=buy+Bath+&+Body+online&first=1&count=50> (referer: None)
2016-01-19 15:14:34 [scrapy] DEBUG: Crawled (200) <GET https://www.bing.com/search?q=buy+Bath+&+Body+online&first=51&count=50> (referer: None)
2016-01-19 15:14:35 [scrapy] DEBUG: Crawled (200) <GET https://www.bing.com/search?q=buy+Beauty+Tools+&+Accessories+online&first=1&count=50> (referer: None)
2016-01-19 15:14:36 [scrapy] DEBUG: Crawled (200) <GET https://www.bing.com/search?q=buy+Beauty+Tools+&+Accessories+online&first=51&count=50> (referer: None)
2016-01-19 15:14:37 [scrapy] DEBUG: Crawled (200) <GET https://www.bing.com/search?q=buy+Body,+Face,+and+Hand+Lotions,+Antiaging+Creams,+Cleansers,+Massage+Oils,+Baby+Oils,+Exfoliators,+Toners,+Sun+Tan+Products+and+More+online&first=1&count=50> (referer: None)
2016-01-19 15:14:38 [scrapy] DEBUG: Crawled (200) <GET https://www.bing.com/search?q=buy+Body,+Face,+and+Hand+Lotions,+Antiaging+Creams,+Cleansers,+Massage+Oils,+Baby+Oils,+Exfoliators,+Toners,+Sun+Tan+Products+and+More+online&first=51&count=50> (referer: None)
2016-01-19 15:14:39 [scrapy] DEBUG: Crawled (200) <GET https://www.bing.com/search?q=buy+Fragrance+online&first=1&count=50> (referer: None)
2016-01-19 15:14:40 [scrapy] DEBUG: Crawled (200) <GET https://www.bing.com/search?q=buy+Fragrance+online&first=51&count=50> (referer: None)
2016-01-19 15:14:40 [scrapy] INFO: Closing spider (finished)
2016-01-19 15:14:40 [scrapy] INFO: Dumping Scrapy stats:
{'downloader/request_bytes': 4916,
 'downloader/request_count': 8,
 'downloader/request_method_count/GET': 8,
 'downloader/response_bytes': 231323,
 'downloader/response_count': 8,
 'downloader/response_status_count/200': 8,
 'finish_reason': 'finished',
 'finish_time': datetime.datetime(2016, 1, 19, 23, 14, 40, 780700),
 'log_count/DEBUG': 9,
 'log_count/INFO': 7,
 'response_received_count': 8,
 'scheduler/dequeued': 8,
 'scheduler/dequeued/memory': 8,
 'scheduler/enqueued': 8,
 'scheduler/enqueued/memory': 8,
 'start_time': datetime.datetime(2016, 1, 19, 23, 14, 33, 76013)}
2016-01-19 15:14:40 [scrapy] INFO: Spider closed (finished)
