2016-01-19 15:23:52 [scrapy] INFO: Scrapy 1.0.4 started (bot: hello)
2016-01-19 15:23:52 [scrapy] INFO: Optional features available: ssl, http11
2016-01-19 15:23:52 [scrapy] INFO: Overridden settings: {'NEWSPIDER_MODULE': 'hello.spiders', 'FEED_URI': 'file:///home/jarett/hello/hello/items/hello/hello/b2476bf0bf0311e593df000c2900f886.jl', 'CONCURRENT_REQUESTS': 1, 'SPIDER_MODULES': ['hello.spiders'], 'BOT_NAME': 'hello', 'USER_AGENT': 'Mozilla/5.0 (iPad; U; CPU OS 3_2_1 like Mac OS X; en-us) AppleWebKit/531.21.10 (KHTML, like Gecko) Mobile/7B405', 'LOG_FILE': 'logs/hello/hello/b2476bf0bf0311e593df000c2900f886.log', 'DOWNLOAD_DELAY': 0.75}
2016-01-19 15:23:52 [scrapy] INFO: Enabled extensions: CloseSpider, FeedExporter, TelnetConsole, LogStats, CoreStats, SpiderState
2016-01-19 15:23:52 [scrapy] INFO: Enabled downloader middlewares: HttpAuthMiddleware, DownloadTimeoutMiddleware, UserAgentMiddleware, RetryMiddleware, DefaultHeadersMiddleware, MetaRefreshMiddleware, HttpCompressionMiddleware, RedirectMiddleware, CookiesMiddleware, ChunkedTransferMiddleware, DownloaderStats
2016-01-19 15:23:52 [scrapy] INFO: Enabled spider middlewares: HttpErrorMiddleware, OffsiteMiddleware, RefererMiddleware, UrlLengthMiddleware, DepthMiddleware
2016-01-19 15:23:52 [scrapy] INFO: Enabled item pipelines: 
2016-01-19 15:23:52 [scrapy] INFO: Spider opened
2016-01-19 15:23:52 [scrapy] INFO: Crawled 0 pages (at 0 pages/min), scraped 0 items (at 0 items/min)
2016-01-19 15:23:52 [scrapy] DEBUG: Telnet console listening on 127.0.0.1:6033
2016-01-19 15:23:52 [scrapy] DEBUG: Crawled (200) <GET https://www.bing.com/search?q=buy+Bath+&+Body+online&first=1&count=50> (referer: None)
2016-01-19 15:23:53 [scrapy] DEBUG: Crawled (200) <GET https://www.bing.com/search?q=buy+Bath+&+Body+online&first=51&count=50> (referer: None)
2016-01-19 15:23:54 [scrapy] DEBUG: Crawled (200) <GET https://www.bing.com/search?q=buy+Beauty+Tools+&+Accessories+online&first=1&count=50> (referer: None)
2016-01-19 15:23:55 [scrapy] DEBUG: Crawled (200) <GET https://www.bing.com/search?q=buy+Beauty+Tools+&+Accessories+online&first=51&count=50> (referer: None)
2016-01-19 15:23:56 [scrapy] DEBUG: Crawled (200) <GET https://www.bing.com/search?q=buy+Body,+Face,+and+Hand+Lotions,+Antiaging+Creams,+Cleansers,+Massage+Oils,+Baby+Oils,+Exfoliators,+Toners,+Sun+Tan+Products+and+More+online&first=1&count=50> (referer: None)
2016-01-19 15:23:57 [scrapy] DEBUG: Crawled (200) <GET https://www.bing.com/search?q=buy+Body,+Face,+and+Hand+Lotions,+Antiaging+Creams,+Cleansers,+Massage+Oils,+Baby+Oils,+Exfoliators,+Toners,+Sun+Tan+Products+and+More+online&first=51&count=50> (referer: None)
2016-01-19 15:23:58 [scrapy] DEBUG: Crawled (200) <GET https://www.bing.com/search?q=buy+Fragrance+online&first=1&count=50> (referer: None)
2016-01-19 15:23:58 [scrapy] INFO: Received SIGINT, shutting down gracefully. Send again to force 
2016-01-19 15:23:58 [scrapy] ERROR: Spider error processing <GET https://www.bing.com/search?q=buy+Fragrance+online&first=1&count=50> (referer: None)
Traceback (most recent call last):
  File "/usr/lib/python2.7/dist-packages/twisted/internet/defer.py", line 577, in _runCallbacks
    current.result = callback(current.result, *args, **kw)
  File "build/bdist.linux-x86_64/egg/hello/spiders/hello.py", line 90, in parse
    c.perform()
error: (7, 'Failed to connect to localhost port 6800: Connection refused')
2016-01-19 15:23:58 [scrapy] INFO: Closing spider (shutdown)
2016-01-19 15:23:59 [scrapy] DEBUG: Crawled (200) <GET https://www.bing.com/search?q=buy+Fragrance+online&first=51&count=50> (referer: None)
2016-01-19 15:23:59 [scrapy] ERROR: Spider error processing <GET https://www.bing.com/search?q=buy+Fragrance+online&first=51&count=50> (referer: None)
Traceback (most recent call last):
  File "/usr/lib/python2.7/dist-packages/twisted/internet/defer.py", line 577, in _runCallbacks
    current.result = callback(current.result, *args, **kw)
  File "build/bdist.linux-x86_64/egg/hello/spiders/hello.py", line 90, in parse
    c.perform()
error: (7, 'Failed to connect to localhost port 6800: Connection refused')
2016-01-19 15:23:59 [scrapy] INFO: Dumping Scrapy stats:
{'downloader/request_bytes': 4916,
 'downloader/request_count': 8,
 'downloader/request_method_count/GET': 8,
 'downloader/response_bytes': 231330,
 'downloader/response_count': 8,
 'downloader/response_status_count/200': 8,
 'finish_reason': 'shutdown',
 'finish_time': datetime.datetime(2016, 1, 19, 23, 23, 59, 475206),
 'log_count/DEBUG': 9,
 'log_count/ERROR': 2,
 'log_count/INFO': 8,
 'response_received_count': 8,
 'scheduler/dequeued': 8,
 'scheduler/dequeued/memory': 8,
 'scheduler/enqueued': 8,
 'scheduler/enqueued/memory': 8,
 'spider_exceptions/error': 2,
 'start_time': datetime.datetime(2016, 1, 19, 23, 23, 52, 142369)}
2016-01-19 15:23:59 [scrapy] INFO: Spider closed (shutdown)
